<?xml version="1.0" encoding="UTF-8"?>
<!-- Generated by org.testng.reporters.JUnitReportReporter -->
<testsuite skipped="1" hostname="LAPTOP32" name="kovair.JenkinsIntegration.JenkinsIntegrationTestNGClass" tests="3" failures="0" timestamp="11 Jun 2019 06:09:44 GMT" time="0.029" errors="0">
  <testcase name="NGTest1" time="0.015" classname="kovair.JenkinsIntegration.JenkinsIntegrationTestNGClass"/>
  <testcase name="NGTest2" time="0.011" classname="kovair.JenkinsIntegration.JenkinsIntegrationTestNGClass">
    <skipped/>
  </testcase> <!-- NGTest2 -->
  <testcase name="NGTest3" time="0.003" classname="kovair.JenkinsIntegration.JenkinsIntegrationTestNGClass"/>
</testsuite> <!-- kovair.JenkinsIntegration.JenkinsIntegrationTestNGClass -->
